<?xml version="1.0" encoding="UTF-8"?>
<!-- Generated by org.testng.reporters.JUnitReportReporter -->
<testsuite hostname="DESKTOP-0RP5K17" failures="1" tests="1" name="testRunner.TestNGTestRunner" time="9.090" errors="0" timestamp="2025-02-05T21:52:25 IST" skipped="0">
  <testcase classname="testRunner.TestNGTestRunner" name="runScenario" time="9.090">
    <failure message="expected [Dashboard | Sainik Security Services] but found [Login | Sainik Security Services]" type="java.lang.AssertionError">
      <![CDATA[java.lang.AssertionError: expected [Dashboard | Sainik Security Services] but found [Login | Sainik Security Services]
at org.testng.Assert.fail(Assert.java:111)
at org.testng.Assert.failNotEquals(Assert.java:1578)
at org.testng.Assert.assertEqualsImpl(Assert.java:150)
at org.testng.Assert.assertEquals(Assert.java:132)
at org.testng.Assert.assertEquals(Assert.java:656)
at org.testng.Assert.assertEquals(Assert.java:666)
at stepDefinitions.LoginStepDefinition.user_should_be_redirected_to_the_page(LoginStepDefinition.java:42)
at ✽.user should be redirected to the "dashboard" page(file:///C:/Users/amarv/eclipse-workspace/SainikSecurityServices/src/test/resources/features/login.feature:6)
]]>
    </failure>
  </testcase> <!-- runScenario -->
</testsuite> <!-- testRunner.TestNGTestRunner -->
